<?xml version="1.0" encoding="UTF-8"?>
<!-- Generated by org.testng.reporters.JUnitXMLReporter -->
<testsuite ignored="0" hostname="rajalakshmi" failures="0" tests="3" name="Test" time="83.223" errors="0" timestamp="2024-10-20T16:16:23 IST">
  <testcase classname="Sprint_01.BaseClass" name="@AfterMethod postCondition" time="0.38">
    <failure type="org.openqa.selenium.WebDriverException" message="disconnected: Unable to receive message from renderer
  (failed to check if window was closed: disconnected: not connected to DevTools)
  (Session info: MicrosoftEdge=129.0.2792.79)
Build info: version: &amp;apos;4.25.0&amp;apos;, revision: &amp;apos;8a8aea2337&amp;apos;
System info: os.name: &amp;apos;Linux&amp;apos;, os.arch: &amp;apos;amd64&amp;apos;, os.version: &amp;apos;6.8.0-45-generic&amp;apos;, java.version: &amp;apos;18.0.2-ea&amp;apos;
Driver info: org.openqa.selenium.remote.RemoteWebDriver
Command: [a60845b2ce8aa755649743c006d35022, close {}]
Capabilities {acceptInsecureCerts: false, browserName: MicrosoftEdge, browserVersion: 129.0.2792.79, fedcm:accounts: true, ms:edgeOptions: {debuggerAddress: localhost:37833}, msedge: {msedgedriverVersion: 129.0.2792.86 (cca50bd2a45c..., userDataDir: /tmp/.com.microsoft.Edge.fu...}, networkConnectionEnabled: false, pageLoadStrategy: normal, platformName: linux, proxy: Proxy(), se:bidiEnabled: false, se:cdp: ws://172.21.0.4:4444/sessio..., se:cdpVersion: 129.0.2792.79, se:containerName: , se:noVncPort: 7900, se:vnc: ws://172.21.0.4:4444/sessio..., se:vncEnabled: true, se:vncLocalAddress: ws://172.21.0.4:7900, setWindowRect: true, strictFileInteractability: false, timeouts: {implicit: 0, pageLoad: 300000, script: 30000}, unhandledPromptBehavior: dismiss and notify, webauthn:extension:credBlob: true, webauthn:extension:largeBlob: true, webauthn:extension:minPinLength: true, webauthn:extension:prf: true, webauthn:virtualAuthenticators: true}
Session ID: a60845b2ce8aa755649743c006d35022">
      <![CDATA[org.openqa.selenium.WebDriverException: disconnected: Unable to receive message from renderer
  (failed to check if window was closed: disconnected: not connected to DevTools)
  (Session info: MicrosoftEdge=129.0.2792.79)
Build info: version: '4.25.0', revision: '8a8aea2337'
System info: os.name: 'Linux', os.arch: 'amd64', os.version: '6.8.0-45-generic', java.version: '18.0.2-ea'
Driver info: org.openqa.selenium.remote.RemoteWebDriver
Command: [a60845b2ce8aa755649743c006d35022, close {}]
Capabilities {acceptInsecureCerts: false, browserName: MicrosoftEdge, browserVersion: 129.0.2792.79, fedcm:accounts: true, ms:edgeOptions: {debuggerAddress: localhost:37833}, msedge: {msedgedriverVersion: 129.0.2792.86 (cca50bd2a45c..., userDataDir: /tmp/.com.microsoft.Edge.fu...}, networkConnectionEnabled: false, pageLoadStrategy: normal, platformName: linux, proxy: Proxy(), se:bidiEnabled: false, se:cdp: ws://172.21.0.4:4444/sessio..., se:cdpVersion: 129.0.2792.79, se:containerName: , se:noVncPort: 7900, se:vnc: ws://172.21.0.4:4444/sessio..., se:vncEnabled: true, se:vncLocalAddress: ws://172.21.0.4:7900, setWindowRect: true, strictFileInteractability: false, timeouts: {implicit: 0, pageLoad: 300000, script: 30000}, unhandledPromptBehavior: dismiss and notify, webauthn:extension:credBlob: true, webauthn:extension:largeBlob: true, webauthn:extension:minPinLength: true, webauthn:extension:prf: true, webauthn:virtualAuthenticators: true}
Session ID: a60845b2ce8aa755649743c006d35022
at org.openqa.selenium.remote.ErrorCodec.decode(ErrorCodec.java:167)
at org.openqa.selenium.remote.codec.w3c.W3CHttpResponseCodec.decode(W3CHttpResponseCodec.java:138)
at org.openqa.selenium.remote.codec.w3c.W3CHttpResponseCodec.decode(W3CHttpResponseCodec.java:50)
at org.openqa.selenium.remote.HttpCommandExecutor.execute(HttpCommandExecutor.java:190)
at org.openqa.selenium.remote.TracedCommandExecutor.execute(TracedCommandExecutor.java:53)
at org.openqa.selenium.remote.RemoteWebDriver.execute(RemoteWebDriver.java:545)
at org.openqa.selenium.remote.RemoteWebDriver.execute(RemoteWebDriver.java:618)
at org.openqa.selenium.remote.RemoteWebDriver.execute(RemoteWebDriver.java:622)
at org.openqa.selenium.remote.RemoteWebDriver.close(RemoteWebDriver.java:418)
at Sprint_01.BaseClass.postCondition(BaseClass.java:43)
at java.base/java.util.ArrayList.forEach(ArrayList.java:1511)
... Removed 33 stack frames]]>
    </failure>
  </testcase> <!-- @AfterMethod postCondition -->
  <testcase classname="Sprint_01.BaseClass" name="@AfterMethod postCondition" time="0.422">
    <failure type="org.openqa.selenium.WebDriverException" message="disconnected: not connected to DevTools
  (failed to check if window was closed: disconnected: not connected to DevTools)
  (Session info: MicrosoftEdge=129.0.2792.79)
Build info: version: &amp;apos;4.25.0&amp;apos;, revision: &amp;apos;8a8aea2337&amp;apos;
System info: os.name: &amp;apos;Linux&amp;apos;, os.arch: &amp;apos;amd64&amp;apos;, os.version: &amp;apos;6.8.0-45-generic&amp;apos;, java.version: &amp;apos;18.0.2-ea&amp;apos;
Driver info: org.openqa.selenium.remote.RemoteWebDriver
Command: [e2c410541300163c93d24eded0da8e67, close {}]
Capabilities {acceptInsecureCerts: false, browserName: MicrosoftEdge, browserVersion: 129.0.2792.79, fedcm:accounts: true, ms:edgeOptions: {debuggerAddress: localhost:46441}, msedge: {msedgedriverVersion: 129.0.2792.86 (cca50bd2a45c..., userDataDir: /tmp/.com.microsoft.Edge.7s...}, networkConnectionEnabled: false, pageLoadStrategy: normal, platformName: linux, proxy: Proxy(), se:bidiEnabled: false, se:cdp: ws://172.21.0.4:4444/sessio..., se:cdpVersion: 129.0.2792.79, se:containerName: , se:noVncPort: 7900, se:vnc: ws://172.21.0.4:4444/sessio..., se:vncEnabled: true, se:vncLocalAddress: ws://172.21.0.4:7900, setWindowRect: true, strictFileInteractability: false, timeouts: {implicit: 0, pageLoad: 300000, script: 30000}, unhandledPromptBehavior: dismiss and notify, webauthn:extension:credBlob: true, webauthn:extension:largeBlob: true, webauthn:extension:minPinLength: true, webauthn:extension:prf: true, webauthn:virtualAuthenticators: true}
Session ID: e2c410541300163c93d24eded0da8e67">
      <![CDATA[org.openqa.selenium.WebDriverException: disconnected: not connected to DevTools
  (failed to check if window was closed: disconnected: not connected to DevTools)
  (Session info: MicrosoftEdge=129.0.2792.79)
Build info: version: '4.25.0', revision: '8a8aea2337'
System info: os.name: 'Linux', os.arch: 'amd64', os.version: '6.8.0-45-generic', java.version: '18.0.2-ea'
Driver info: org.openqa.selenium.remote.RemoteWebDriver
Command: [e2c410541300163c93d24eded0da8e67, close {}]
Capabilities {acceptInsecureCerts: false, browserName: MicrosoftEdge, browserVersion: 129.0.2792.79, fedcm:accounts: true, ms:edgeOptions: {debuggerAddress: localhost:46441}, msedge: {msedgedriverVersion: 129.0.2792.86 (cca50bd2a45c..., userDataDir: /tmp/.com.microsoft.Edge.7s...}, networkConnectionEnabled: false, pageLoadStrategy: normal, platformName: linux, proxy: Proxy(), se:bidiEnabled: false, se:cdp: ws://172.21.0.4:4444/sessio..., se:cdpVersion: 129.0.2792.79, se:containerName: , se:noVncPort: 7900, se:vnc: ws://172.21.0.4:4444/sessio..., se:vncEnabled: true, se:vncLocalAddress: ws://172.21.0.4:7900, setWindowRect: true, strictFileInteractability: false, timeouts: {implicit: 0, pageLoad: 300000, script: 30000}, unhandledPromptBehavior: dismiss and notify, webauthn:extension:credBlob: true, webauthn:extension:largeBlob: true, webauthn:extension:minPinLength: true, webauthn:extension:prf: true, webauthn:virtualAuthenticators: true}
Session ID: e2c410541300163c93d24eded0da8e67
at org.openqa.selenium.remote.ErrorCodec.decode(ErrorCodec.java:167)
at org.openqa.selenium.remote.codec.w3c.W3CHttpResponseCodec.decode(W3CHttpResponseCodec.java:138)
at org.openqa.selenium.remote.codec.w3c.W3CHttpResponseCodec.decode(W3CHttpResponseCodec.java:50)
at org.openqa.selenium.remote.HttpCommandExecutor.execute(HttpCommandExecutor.java:190)
at org.openqa.selenium.remote.TracedCommandExecutor.execute(TracedCommandExecutor.java:53)
at org.openqa.selenium.remote.RemoteWebDriver.execute(RemoteWebDriver.java:545)
at org.openqa.selenium.remote.RemoteWebDriver.execute(RemoteWebDriver.java:618)
at org.openqa.selenium.remote.RemoteWebDriver.execute(RemoteWebDriver.java:622)
at org.openqa.selenium.remote.RemoteWebDriver.close(RemoteWebDriver.java:418)
at Sprint_01.BaseClass.postCondition(BaseClass.java:43)
at java.base/java.util.ArrayList.forEach(ArrayList.java:1511)
... Removed 33 stack frames]]>
    </failure>
  </testcase> <!-- @AfterMethod postCondition -->
  <testcase classname="Sprint_01.Siva_S6_46_CreateCampaign" name="test" time="18.346"/>
  <testcase classname="Sprint_01.Raji_Jenkins" name="npc" time="27.255"/>
  <testcase classname="Sprint_01.Ramya_S6_003_DeleteSalesAccount" name="dsa" time="17.353"/>
</testsuite> <!-- Test -->
